Determining if the function sgemm_ exists failed with the following output:
Change Dir: C:/Users/user/cpp_unix/lab_2_02/cmake/cmake-build-debug/CMakeFiles/CMakeTmp

Run Build Command(s):C:/Program Files/JetBrains/CLion 2022.3.2/bin/ninja/win/x64/ninja.exe cmTC_49ac0 && [1/2] Building C object CMakeFiles/cmTC_49ac0.dir/CheckFunctionExists.c.obj
[2/2] Linking C executable cmTC_49ac0.exe
FAILED: cmTC_49ac0.exe 
cmd.exe /C "cd . && C:\PROGRA~1\JETBRA~1\CLION2~1.2\bin\mingw\bin\gcc.exe -DCHECK_FUNCTION_EXISTS=sgemm_  CMakeFiles/cmTC_49ac0.dir/CheckFunctionExists.c.obj -o cmTC_49ac0.exe -Wl,--out-implib,libcmTC_49ac0.dll.a -Wl,--major-image-version,0,--minor-image-version,0  -lkernel32 -luser32 -lgdi32 -lwinspool -lshell32 -lole32 -loleaut32 -luuid -lcomdlg32 -ladvapi32 && cd ."
C:\Program Files\JetBrains\CLion 2022.3.2\bin\mingw\bin/ld.exe: CMakeFiles/cmTC_49ac0.dir/CheckFunctionExists.c.obj:CheckFunctionExists.c:(.text+0x15): undefined reference to `sgemm_'
collect2.exe: error: ld returned 1 exit status
ninja: build stopped: subcommand failed.



Determining if the __fbufsize exist failed with the following output:
Change Dir: C:/Users/user/cpp_unix/lab_2_02/cmake/cmake-build-debug/CMakeFiles/CMakeTmp

Run Build Command(s):C:/Program Files/JetBrains/CLion 2022.3.2/bin/ninja/win/x64/ninja.exe cmTC_891a5 && [1/2] Building C object CMakeFiles/cmTC_891a5.dir/CheckSymbolExists.c.obj
FAILED: CMakeFiles/cmTC_891a5.dir/CheckSymbolExists.c.obj 
C:\PROGRA~1\JETBRA~1\CLION2~1.2\bin\mingw\bin\gcc.exe   -fdiagnostics-color=always -o CMakeFiles/cmTC_891a5.dir/CheckSymbolExists.c.obj -c C:/Users/user/cpp_unix/lab_2_02/cmake/cmake-build-debug/CMakeFiles/CMakeTmp/CheckSymbolExists.c
C:/Users/user/cpp_unix/lab_2_02/cmake/cmake-build-debug/CMakeFiles/CMakeTmp/CheckSymbolExists.c:2:10: fatal error: stdio_ext.h: No such file or directory
    2 | #include <stdio_ext.h>
      |          ^~~~~~~~~~~~~
compilation terminated.
ninja: build stopped: subcommand failed.


File C:/Users/user/cpp_unix/lab_2_02/cmake/cmake-build-debug/CMakeFiles/CMakeTmp/CheckSymbolExists.c:
/* */
#include <stdio_ext.h>

int main(int argc, char** argv)
{
  (void)argv;
#ifndef __fbufsize
  return ((int*)(&__fbufsize))[argc];
#else
  (void)argc;
  return 0;
#endif
}
